tiles/build/intermediates/manifest_merge_blame_file/debug/processDebugManifest/manifest-merger-blame-debug-report.txt
1<?xml version="1.0" encoding="utf-8"?>
2<!--
3  ~ Copyright 2022 The Android Open Source Project
4  ~
5  ~ Licensed under the Apache License, Version 2.0 (the "License");
6  ~ you may not use this file except in compliance with the License.
7  ~ You may obtain a copy of the License at
8  ~
9  ~      https://www.apache.org/licenses/LICENSE-2.0
10  ~
11  ~ Unless required by applicable law or agreed to in writing, software
12  ~ distributed under the License is distributed on an "AS IS" BASIS,
13  ~ WITHOUT WARRANTIES OR CONDITIONS OF ANY KIND, either express or implied.
14  ~ See the License for the specific language governing permissions and
15  ~ limitations under the License.
16-->
17<manifest xmlns:android="http://schemas.android.com/apk/res/android"
18    xmlns:tools="http://schemas.android.com/tools"
19    package="com.google.android.horologist.tiles" >
20    <!--
21 Tiles is API 26, but if we don't stop this here, then we can't run the sample app
22    on older devices (25).  We also don't want this to bleed into other modules via
23    compose-tools which is used just for testing.
24    -->
25    <uses-sdk
25-->src\main\AndroidManifest.xml:27:5-38:55
26        android:minSdkVersion="26"
26-->src\main\AndroidManifest.xml:28:9-35
27        tools:ignore="GradleOverrides"
27-->src\main\AndroidManifest.xml:29:9-39
28        tools:overrideLibrary="androidx.wear.protolayout.material,             androidx.wear.tiles.renderer,             androidx.wear.tiles.testing,             androidx.wear.watchface.style,             androidx.wear.watchface.complications.datasource.ktx,             androidx.wear.protolayout.expression,             androidx.wear.protolayout.expression.pipeline,             androidx.wear.protolayout.renderer,             androidx.wear.protolayout.materialcore" />
28-->src\main\AndroidManifest.xml:30:9-468
29
30    <uses-feature android:name="android.hardware.type.watch" />
30-->src\main\AndroidManifest.xml:21:5-64
30-->src\main\AndroidManifest.xml:21:19-61
31
32</manifest>